[NewLog]

7:30="El id: %s se unio a la partida a las: %s"
7:31="Log, creado."
7:32="Log, creado."

[30]

7:33="El id: 473064065 se unio a la partida."

[30/10/2025]

7:34="El id: 1605137461 se unio a la partida."
7:36="El id: 1156689976 se desconecto de la partida."
7:37="El id: 1713691047 se desconecto de la partida."
"7:38 / 0"="El id: 1892815989 se unio a la partida."
"7:38 / 1"="El id: 1892815989 se desconecto de la partida."
"7:39 / 0"="El id: 778948579 se unio a la partida."
"7:39 / 1"="El id: 778948579 se desconecto de la partida."
7:40:34="El id: 1534162366 se desconecto de la partida."
7:40:44="El id: 1825728979 se desconecto de la partida."
7:40:53="El id: 1528729661 se desconecto de la partida."
7:41:28="El id: 515014030 se desconecto de la partida."

[1]

"30/10/2025 - 10:16:50"="El id: 1908447466 se desconecto de la partida."
