[logInfo]

"18:47:05 - 501ms"="El id: 843105568 se unio a la partida."
"18:47:05 - 563ms"="El id: 1374529573 se unio a la partida."
"18:47:08 - 093ms"="El id: 1374529573 intento conectarse a la cuenta: test5. Resultado: true"
"18:47:09 - 096ms"="❗[ERROR] res://scr/login.gd - [FUNCION] GenerateStartMap."
"18:47:29 - 303ms"="El id: 960061333 se unio a la partida."
"18:47:29 - 737ms"="El id: 317726819 se unio a la partida."
"18:47:31 - 432ms"="El id: 960061333 intento conectarse a la cuenta: test5. Resultado: true"
"18:47:32 - 440ms"="❗[ERROR] res://scr/login.gd - [FUNCION] GenerateStartMap."
"18:48:24 - 753ms"="El id: 1009985773 se unio a la partida."
"18:48:24 - 768ms"="El id: 1607428740 se unio a la partida."
"18:48:30 - 726ms"="El id: 1607428740 intento conectarse a la cuenta: test5. Resultado: true"
"18:48:31 - 748ms"="❗[ERROR] res://scr/login.gd - [FUNCION] GenerateStartMap."
"18:50:15 - 367ms"="El id: 331394773 se unio a la partida."
"18:50:15 - 725ms"="El id: 932052311 se unio a la partida."
"18:50:44 - 664ms"="El id: 589196041 se unio a la partida."
"18:50:44 - 713ms"="El id: 1709386557 se unio a la partida."
"18:51:09 - 260ms"="El id: 896021723 se unio a la partida."
"18:51:09 - 282ms"="El id: 530396015 se unio a la partida."
"18:51:25 - 720ms"="El id: 1714142946 se unio a la partida."
"18:51:25 - 804ms"="El id: 1421245353 se unio a la partida."
"18:51:52 - 256ms"="El id: 113696401 se unio a la partida."
"18:51:53 - 746ms"="El id: 301688071 se unio a la partida."
"18:52:06 - 467ms"="El id: 1768863184 se unio a la partida."
"18:52:06 - 613ms"="El id: 652522568 se unio a la partida."
"20:35:23 - 759ms"="El id: 519624863 se unio a la partida."
"20:35:23 - 788ms"="El id: 890782821 se unio a la partida."
"20:35:34 - 196ms"="El id: 1446082041 se unio a la partida."
"20:35:34 - 251ms"="El id: 869130368 se unio a la partida."
"20:35:42 - 172ms"="El id: 1446082041 intento conectarse a la cuenta: test5. Resultado: false"
"20:35:45 - 970ms"="El id: 1446082041 intento conectarse a la cuenta: test5. Resultado: false"
"20:35:49 - 829ms"="El id: 1446082041 intento conectarse a la cuenta: test5. Resultado: false"
"20:37:03 - 243ms"="El id: 1258269965 se unio a la partida."
"20:37:03 - 253ms"="El id: 454443015 se unio a la partida."
"20:37:08 - 319ms"="El id: 1258269965 intento conectarse a la cuenta: test5. Resultado: false"
"20:37:25 - 583ms"="El id: 1258269965 intento conectarse a la cuenta: test7. Resultado: true"
"20:37:26 - 594ms"="❗[ERROR] res://scr/login.gd - [FUNCION] GenerateStartMap."
"20:38:52 - 293ms"="El id: 1117280823 se unio a la partida."
"20:38:53 - 771ms"="El id: 1026182934 se unio a la partida."
"20:38:55 - 383ms"="El id: 1026182934 intento conectarse a la cuenta: test5. Resultado: false"
"20:38:58 - 638ms"="El id: 1026182934 intento conectarse a la cuenta: test7. Resultado: true"
"20:38:59 - 652ms"="❗[ERROR] res://scr/login.gd - [FUNCION] GenerateStartMap."
"20:40:07 - 752ms"="El id: 109185990 se unio a la partida."
"20:40:07 - 780ms"="El id: 106050857 se unio a la partida."
"20:40:17 - 118ms"="El id: 109185990 intento conectarse a la cuenta: test7. Resultado: true"
"20:56:12 - 555ms"="El id: 634024195 se unio a la partida."
"20:56:12 - 687ms"="El id: 912369190 se unio a la partida."
"20:56:20 - 311ms"="El id: 912369190 intento conectarse a la cuenta: test7. Resultado: true"
"20:57:59 - 231ms"="El id: 1767039823 se unio a la partida."
"20:57:59 - 462ms"="El id: 1547111552 se unio a la partida."
"20:58:06 - 434ms"="El id: 1767039823 intento conectarse a la cuenta: test7. Resultado: true"
"20:59:44 - 470ms"="El id: 68508522 se unio a la partida."
"20:59:44 - 894ms"="El id: 372085610 se unio a la partida."
"20:59:46 - 819ms"="El id: 372085610 intento conectarse a la cuenta: test7. Resultado: true"
"21:00:13 - 503ms"="El id: 2110873932 se unio a la partida."
"21:00:14 - 908ms"="El id: 2069290559 se unio a la partida."
"21:00:16 - 180ms"="El id: 2110873932 intento conectarse a la cuenta: test7. Resultado: true"
"21:00:44 - 221ms"="El id: 1915593305 se unio a la partida."
"21:00:44 - 555ms"="El id: 1482128627 se unio a la partida."
"21:00:52 - 318ms"="El id: 1915593305 intento conectarse a la cuenta: test7. Resultado: true"
"21:01:50 - 324ms"="El id: 1548723077 se unio a la partida."
"21:01:51 - 630ms"="El id: 2032095318 se unio a la partida."
"21:01:57 - 234ms"="El id: 1548723077 intento conectarse a la cuenta: test7. Resultado: true"
"21:02:06 - 710ms"="El id: 2032095318 intento conectarse a la cuenta: test7. Resultado: true"
