[logInfo]

"06:35:36 - 463ms"="El id: 20968090 se unio a la partida."
"06:35:36 - 505ms"="El id: 1601733219 se unio a la partida."
"06:36:02 - 153ms"="El id: 20968090 intento conectarse a la cuenta: test7. Resultado: true"
"06:36:25 - 088ms"="El id: 564568825 se unio a la partida."
"06:36:25 - 510ms"="El id: 1467970914 se unio a la partida."
"06:36:31 - 211ms"="El id: 1467970914 intento conectarse a la cuenta: test7. Resultado: true"
"06:36:57 - 141ms"="El id: 1165993333 se unio a la partida."
"06:36:58 - 591ms"="El id: 1618070819 se unio a la partida."
"06:37:02 - 446ms"="El id: 1165993333 intento conectarse a la cuenta: test7. Resultado: true"
"06:37:58 - 346ms"="El id: 79112163 se unio a la partida."
"06:37:59 - 527ms"="El id: 389979798 se unio a la partida."
"06:38:04 - 478ms"="El id: 389979798 intento conectarse a la cuenta: test7. Resultado: true"
"06:38:15 - 028ms"="El id: 1296026122 se unio a la partida."
"06:38:15 - 372ms"="El id: 1136945761 se unio a la partida."
"06:38:17 - 656ms"="El id: 1296026122 intento conectarse a la cuenta: test7. Resultado: true"
"06:38:51 - 019ms"="El id: 238970475 se unio a la partida."
"06:38:51 - 376ms"="El id: 1338901430 se unio a la partida."
"06:38:56 - 507ms"="El id: 238970475 intento conectarse a la cuenta: test7. Resultado: true"
"06:39:41 - 129ms"="El id: 898826073 se unio a la partida."
"06:39:41 - 141ms"="El id: 219904111 se unio a la partida."
"06:39:46 - 898ms"="El id: 219904111 intento conectarse a la cuenta: test7. Resultado: true"
"06:40:06 - 502ms"="El id: 1389271110 se unio a la partida."
"06:40:06 - 556ms"="El id: 547497976 se unio a la partida."
"06:40:10 - 848ms"="El id: 547497976 intento conectarse a la cuenta: test7. Resultado: true"
"06:41:45 - 111ms"="El id: 1250232931 se unio a la partida."
"06:41:45 - 514ms"="El id: 2104247597 se unio a la partida."
"06:41:50 - 195ms"="El id: 2104247597 intento conectarse a la cuenta: test7. Resultado: true"
"06:41:57 - 949ms"="El id: 1250232931 intento conectarse a la cuenta: test7. Resultado: true"
"06:42:52 - 028ms"="El id: 2089624728 se unio a la partida."
"06:42:52 - 460ms"="El id: 325617593 se unio a la partida."
"06:42:59 - 236ms"="El id: 2089624728 intento conectarse a la cuenta: test7. Resultado: true"
"06:43:05 - 949ms"="El id: 325617593 intento conectarse a la cuenta: test7. Resultado: true"
"06:43:25 - 062ms"="El id: 245867587 se unio a la partida."
"06:43:25 - 490ms"="El id: 513629202 se unio a la partida."
"06:43:27 - 789ms"="El id: 513629202 intento conectarse a la cuenta: test7. Resultado: true"
"06:43:32 - 058ms"="El id: 245867587 intento conectarse a la cuenta: test7. Resultado: true"
"06:43:58 - 079ms"="El id: 1355519821 se unio a la partida."
"06:43:59 - 509ms"="El id: 813791186 se unio a la partida."
"06:44:01 - 447ms"="El id: 813791186 intento conectarse a la cuenta: test7. Resultado: true"
"06:44:09 - 708ms"="El id: 1355519821 intento conectarse a la cuenta: test7. Resultado: true"
"06:44:31 - 088ms"="El id: 807397948 se unio a la partida."
"06:44:32 - 498ms"="El id: 2128932614 se unio a la partida."
"06:44:36 - 594ms"="El id: 807397948 intento conectarse a la cuenta: test7. Resultado: true"
"06:45:06 - 034ms"="El id: 669784947 se unio a la partida."
"06:45:06 - 410ms"="El id: 1853457109 se unio a la partida."
"06:45:11 - 861ms"="El id: 669784947 intento conectarse a la cuenta: test7. Resultado: true"
"06:45:16 - 963ms"="El id: 1853457109 intento conectarse a la cuenta: test7. Resultado: true"
"13:21:31 - 167ms"="El id: 893624053 se unio a la partida."
"13:21:31 - 175ms"="El id: 1693574120 se unio a la partida."
"13:21:38 - 159ms"="El id: 1693574120 intento conectarse a la cuenta: test7. Resultado: true"
"13:21:47 - 889ms"="El id: 893624053 intento conectarse a la cuenta: test7. Resultado: true"
"13:22:47 - 023ms"="El id: 309255723 se unio a la partida."
"13:22:47 - 441ms"="El id: 1448518866 se unio a la partida."
"13:22:52 - 862ms"="El id: 309255723 intento conectarse a la cuenta: test7. Resultado: true"
"13:29:07 - 505ms"="El id: 289058103 se unio a la partida."
"13:29:07 - 589ms"="El id: 295718781 se unio a la partida."
"13:29:11 - 214ms"="El id: 289058103 intento conectarse a la cuenta: test7. Resultado: true"
"13:29:17 - 122ms"="El id: 295718781 intento conectarse a la cuenta: test7. Resultado: true"
"13:30:26 - 151ms"="El id: 435070878 se unio a la partida."
"13:30:26 - 594ms"="El id: 360805449 se unio a la partida."
"13:30:31 - 358ms"="El id: 435070878 intento conectarse a la cuenta: test7. Resultado: true"
"13:31:47 - 000ms"="El id: 1396284576 se unio a la partida."
"13:31:47 - 355ms"="El id: 1039110005 se unio a la partida."
"13:31:52 - 049ms"="El id: 1396284576 intento conectarse a la cuenta: test7. Resultado: true"
"13:32:13 - 101ms"="El id: 1624598100 se unio a la partida."
"13:32:13 - 172ms"="El id: 906473756 se unio a la partida."
"13:32:17 - 706ms"="El id: 1624598100 intento conectarse a la cuenta: test7. Resultado: true"
"13:32:50 - 051ms"="El id: 354298752 se unio a la partida."
"13:32:50 - 478ms"="El id: 1935098 se unio a la partida."
"13:32:54 - 609ms"="El id: 1935098 intento conectarse a la cuenta: test7. Resultado: true"
"13:33:23 - 143ms"="El id: 1403307263 se unio a la partida."
"13:33:23 - 156ms"="El id: 1482655591 se unio a la partida."
"13:33:26 - 239ms"="El id: 1482655591 intento conectarse a la cuenta: test7. Resultado: true"
"13:33:44 - 023ms"="El id: 413812246 se unio a la partida."
"13:33:44 - 032ms"="El id: 1483107247 se unio a la partida."
"13:33:46 - 476ms"="El id: 413812246 intento conectarse a la cuenta: test7. Resultado: true"
"13:33:54 - 148ms"="El id: 1385239319 se unio a la partida."
"13:33:55 - 510ms"="El id: 1830806234 se unio a la partida."
"13:33:57 - 795ms"="El id: 1830806234 intento conectarse a la cuenta: test7. Resultado: true"
"13:34:27 - 076ms"="El id: 1465876535 se unio a la partida."
"13:34:27 - 507ms"="El id: 435217469 se unio a la partida."
"13:34:32 - 070ms"="El id: 1465876535 intento conectarse a la cuenta: test7. Resultado: true"
"13:34:46 - 118ms"="El id: 1458364656 se unio a la partida."
"13:34:46 - 533ms"="El id: 791948080 se unio a la partida."
"13:34:48 - 520ms"="El id: 791948080 intento conectarse a la cuenta: test7. Resultado: true"
"13:35:05 - 059ms"="El id: 1046914697 se unio a la partida."
"13:35:05 - 400ms"="El id: 633828683 se unio a la partida."
"13:35:09 - 212ms"="El id: 1046914697 intento conectarse a la cuenta: test7. Resultado: true"
"13:36:01 - 111ms"="El id: 1051439472 se unio a la partida."
"13:36:01 - 533ms"="El id: 621696136 se unio a la partida."
"13:36:04 - 583ms"="El id: 621696136 intento conectarse a la cuenta: test7. Resultado: true"
"13:36:28 - 080ms"="El id: 1676906015 se unio a la partida."
"13:36:28 - 419ms"="El id: 394422604 se unio a la partida."
"13:36:32 - 301ms"="El id: 1676906015 intento conectarse a la cuenta: test7. Resultado: true"
"13:36:46 - 095ms"="El id: 976691668 se unio a la partida."
"13:36:46 - 513ms"="El id: 950254451 se unio a la partida."
"13:36:50 - 549ms"="El id: 950254451 intento conectarse a la cuenta: test7. Resultado: true"
"13:37:10 - 045ms"="El id: 1220392461 se unio a la partida."
"13:37:10 - 479ms"="El id: 1237270472 se unio a la partida."
"13:37:14 - 173ms"="El id: 1237270472 intento conectarse a la cuenta: test7. Resultado: true"
"13:37:26 - 108ms"="El id: 1885459619 se unio a la partida."
"13:37:26 - 510ms"="El id: 1984205646 se unio a la partida."
"13:37:28 - 460ms"="El id: 1885459619 intento conectarse a la cuenta: test7. Resultado: true"
"13:37:49 - 399ms"="El id: 1408553590 se unio a la partida."
"13:37:50 - 482ms"="El id: 1441375166 se unio a la partida."
"13:37:53 - 115ms"="El id: 1441375166 intento conectarse a la cuenta: test7. Resultado: true"
"13:38:31 - 124ms"="El id: 1129057063 se unio a la partida."
"13:38:31 - 617ms"="El id: 1801227215 se unio a la partida."
"13:38:33 - 305ms"="El id: 1801227215 intento conectarse a la cuenta: test7. Resultado: true"
"13:38:43 - 031ms"="El id: 1129057063 intento conectarse a la cuenta: test7. Resultado: true"
"13:42:46 - 022ms"="El id: 1760747632 se unio a la partida."
"13:42:46 - 460ms"="El id: 1996873746 se unio a la partida."
"13:42:49 - 537ms"="El id: 1996873746 intento conectarse a la cuenta: test7. Resultado: true"
"13:42:58 - 929ms"="El id: 1760747632 intento conectarse a la cuenta: test7. Resultado: true"
"13:43:27 - 047ms"="El id: 637966718 se unio a la partida."
"13:43:28 - 318ms"="El id: 114702136 se unio a la partida."
"13:43:43 - 753ms"="El id: 637966718 intento conectarse a la cuenta: test7. Resultado: true"
"13:44:05 - 500ms"="El id: 1419051357 se unio a la partida."
"13:44:05 - 590ms"="El id: 816898353 se unio a la partida."
"13:44:08 - 881ms"="El id: 816898353 intento conectarse a la cuenta: test7. Resultado: true"
"13:44:15 - 267ms"="El id: 1419051357 intento conectarse a la cuenta: test7. Resultado: true"
"13:45:30 - 084ms"="El id: 873215324 se unio a la partida."
"13:45:30 - 368ms"="El id: 767750350 se unio a la partida."
"13:45:34 - 688ms"="El id: 873215324 intento conectarse a la cuenta: test7. Resultado: true"
"13:45:41 - 359ms"="El id: 767750350 intento conectarse a la cuenta: test7. Resultado: true"
"13:45:58 - 132ms"="El id: 1225645607 se unio a la partida."
"13:45:58 - 499ms"="El id: 626295213 se unio a la partida."
"13:46:00 - 487ms"="El id: 1225645607 intento conectarse a la cuenta: test7. Resultado: true"
"13:46:15 - 024ms"="El id: 869987204 se unio a la partida."
"13:46:15 - 447ms"="El id: 152033494 se unio a la partida."
"13:46:17 - 502ms"="El id: 869987204 intento conectarse a la cuenta: test7. Resultado: true"
"13:47:17 - 058ms"="El id: 1540284030 se unio a la partida."
"13:47:17 - 074ms"="El id: 1761461674 se unio a la partida."
"13:47:20 - 324ms"="El id: 1540284030 intento conectarse a la cuenta: test7. Resultado: true"
"13:47:31 - 035ms"="El id: 255164151 se unio a la partida."
"13:47:32 - 479ms"="El id: 696381110 se unio a la partida."
"13:47:35 - 658ms"="El id: 255164151 intento conectarse a la cuenta: test7. Resultado: true"
"13:48:39 - 414ms"="El id: 237904167 se unio a la partida."
"13:48:39 - 476ms"="El id: 1088508776 se unio a la partida."
"13:48:43 - 477ms"="El id: 1088508776 intento conectarse a la cuenta: test7. Resultado: true"
"15:08:11 - 412ms"="El id: 150543208 se unio a la partida."
"15:08:11 - 508ms"="El id: 428263091 se unio a la partida."
"15:08:17 - 023ms"="El id: 1933700530 se unio a la partida."
"15:08:18 - 441ms"="El id: 934958519 se unio a la partida."
"15:08:22 - 767ms"="El id: 1933700530 intento conectarse a la cuenta: test7. Resultado: true"
"15:17:35 - 401ms"="El id: 2025574215 se unio a la partida."
"15:17:35 - 463ms"="El id: 1689084448 se unio a la partida."
"15:17:37 - 415ms"="El id: 1689084448 intento conectarse a la cuenta: test7. Resultado: true"
"15:19:39 - 489ms"="El id: 1114034978 se unio a la partida."
"15:19:39 - 617ms"="El id: 1263713035 se unio a la partida."
"15:19:43 - 072ms"="El id: 1263713035 intento conectarse a la cuenta: test7. Resultado: true"
"15:20:04 - 050ms"="El id: 1315009715 se unio a la partida."
"15:20:04 - 119ms"="El id: 1368010862 se unio a la partida."
"15:20:09 - 008ms"="El id: 1315009715 intento conectarse a la cuenta: test7. Resultado: true"
"15:33:32 - 475ms"="El id: 2132464724 se unio a la partida."
"15:33:32 - 544ms"="El id: 1577914577 se unio a la partida."
"15:33:39 - 508ms"="El id: 2132464724 intento conectarse a la cuenta: test7. Resultado: true"
"15:33:47 - 179ms"="El id: 1577914577 intento conectarse a la cuenta: test7. Resultado: true"
"15:34:22 - 024ms"="El id: 822903073 se unio a la partida."
"15:34:23 - 423ms"="El id: 2090345811 se unio a la partida."
"15:34:27 - 716ms"="El id: 822903073 intento conectarse a la cuenta: test7. Resultado: true"
"15:34:34 - 928ms"="El id: 2090345811 intento conectarse a la cuenta: test7. Resultado: true"
"15:35:14 - 050ms"="El id: 503264825 se unio a la partida."
"15:35:14 - 480ms"="El id: 290206370 se unio a la partida."
"15:35:18 - 301ms"="El id: 503264825 intento conectarse a la cuenta: test7. Resultado: true"
"15:35:52 - 125ms"="El id: 209789615 se unio a la partida."
"15:35:52 - 138ms"="El id: 825955010 se unio a la partida."
"15:35:55 - 623ms"="El id: 209789615 intento conectarse a la cuenta: test7. Resultado: true"
"15:36:05 - 584ms"="El id: 825955010 intento conectarse a la cuenta: test7. Resultado: true"
"15:39:27 - 094ms"="El id: 1688274634 se unio a la partida."
"15:39:27 - 519ms"="El id: 572755604 se unio a la partida."
"15:39:30 - 684ms"="El id: 572755604 intento conectarse a la cuenta: test7. Resultado: true"
"15:39:40 - 937ms"="El id: 1688274634 intento conectarse a la cuenta: test7. Resultado: true"
"15:40:00 - 036ms"="El id: 1777123882 se unio a la partida."
"15:40:00 - 351ms"="El id: 398430769 se unio a la partida."
"15:40:03 - 073ms"="El id: 1777123882 intento conectarse a la cuenta: test7. Resultado: true"
"15:42:46 - 075ms"="El id: 2046268311 se unio a la partida."
"15:42:46 - 496ms"="El id: 228882978 se unio a la partida."
"15:42:48 - 345ms"="El id: 2046268311 intento conectarse a la cuenta: test7. Resultado: true"
"15:43:16 - 082ms"="El id: 2110833526 se unio a la partida."
"15:43:16 - 091ms"="El id: 204366573 se unio a la partida."
"15:43:20 - 678ms"="El id: 2110833526 intento conectarse a la cuenta: test7. Resultado: true"
"15:47:40 - 179ms"="El id: 1159929015 se unio a la partida."
"15:47:40 - 599ms"="El id: 2140079641 se unio a la partida."
"15:47:42 - 404ms"="El id: 1159929015 intento conectarse a la cuenta: test7. Resultado: true"
"15:48:05 - 075ms"="El id: 1428279621 se unio a la partida."
"15:48:05 - 506ms"="El id: 2083194674 se unio a la partida."
"15:48:09 - 680ms"="El id: 1428279621 intento conectarse a la cuenta: test7. Resultado: true"
"15:48:27 - 080ms"="El id: 1222637202 se unio a la partida."
"15:48:27 - 413ms"="El id: 341143227 se unio a la partida."
"15:48:31 - 309ms"="El id: 1222637202 intento conectarse a la cuenta: test7. Resultado: false"
"15:48:33 - 023ms"="El id: 1222637202 intento conectarse a la cuenta: test7. Resultado: true"
"15:54:06 - 109ms"="El id: 923265435 se unio a la partida."
"15:54:06 - 427ms"="El id: 2096906808 se unio a la partida."
"15:54:10 - 185ms"="El id: 923265435 intento conectarse a la cuenta: test7. Resultado: true"
"15:54:16 - 418ms"="El id: 2096906808 intento conectarse a la cuenta: test7. Resultado: true"
"15:58:28 - 140ms"="El id: 629671457 se unio a la partida."
"15:58:28 - 151ms"="El id: 1225169152 se unio a la partida."
"15:58:32 - 296ms"="El id: 629671457 intento conectarse a la cuenta: test7. Resultado: true"
"15:58:38 - 212ms"="El id: 1225169152 intento conectarse a la cuenta: test7. Resultado: true"
"16:29:25 - 131ms"="El id: 697973837 se unio a la partida."
"16:29:25 - 142ms"="El id: 154896503 se unio a la partida."
"16:29:31 - 354ms"="El id: 154896503 intento conectarse a la cuenta: test7. Resultado: true"
"16:29:47 - 142ms"="El id: 220037438 se unio a la partida."
"16:29:48 - 623ms"="El id: 1032763882 se unio a la partida."
"16:29:53 - 947ms"="El id: 1032763882 intento conectarse a la cuenta: test7. Resultado: true"
"16:30:11 - 177ms"="El id: 1040468247 se unio a la partida."
"16:30:11 - 192ms"="El id: 1646450006 se unio a la partida."
"16:30:14 - 082ms"="El id: 1040468247 intento conectarse a la cuenta: test7. Resultado: true"
"16:30:20 - 449ms"="El id: 1646450006 intento conectarse a la cuenta: test7. Resultado: true"
"18:38:05 - 156ms"="El id: 1687991937 se unio a la partida."
"18:38:05 - 165ms"="El id: 1724160974 se unio a la partida."
"18:38:11 - 803ms"="El id: 1724160974 intento conectarse a la cuenta: test7. Resultado: true"
"18:38:17 - 551ms"="El id: 1687991937 intento conectarse a la cuenta: test7. Resultado: true"
"18:44:49 - 520ms"="El id: 181587971 se unio a la partida."
"18:44:49 - 597ms"="El id: 433358359 se unio a la partida."
"18:44:53 - 408ms"="El id: 433358359 intento conectarse a la cuenta: test7. Resultado: true"
"18:45:39 - 059ms"="El id: 1285764057 se unio a la partida."
"18:45:39 - 479ms"="El id: 2065327589 se unio a la partida."
"18:45:41 - 487ms"="El id: 2065327589 intento conectarse a la cuenta: test7. Resultado: true"
"19:27:25 - 205ms"="El id: 215661217 se unio a la partida."
"19:27:25 - 219ms"="El id: 655042379 se unio a la partida."
"19:27:31 - 898ms"="El id: 215661217 intento conectarse a la cuenta: test7. Resultado: true"
"19:27:39 - 091ms"="El id: 655042379 intento conectarse a la cuenta: test7. Resultado: true"
"19:35:03 - 296ms"="El id: 214960562 se unio a la partida."
"19:35:03 - 777ms"="El id: 1409111538 se unio a la partida."
"19:35:07 - 747ms"="El id: 1409111538 intento conectarse a la cuenta: test7. Resultado: true"
"19:35:14 - 378ms"="El id: 214960562 intento conectarse a la cuenta: test7. Resultado: true"
"19:40:31 - 360ms"="El id: 1809525875 se unio a la partida."
"19:40:32 - 862ms"="El id: 1239568230 se unio a la partida."
"19:40:36 - 461ms"="El id: 1809525875 intento conectarse a la cuenta: test7. Resultado: true"
"19:40:43 - 770ms"="El id: 1239568230 intento conectarse a la cuenta: test7. Resultado: true"
"19:45:52 - 865ms"="El id: 1809525875 se desconecto de la partida."
"19:46:28 - 358ms"="El id: 640285521 se unio a la partida."
"19:46:28 - 758ms"="El id: 390779825 se unio a la partida."
"19:46:33 - 857ms"="El id: 390779825 intento conectarse a la cuenta: test7. Resultado: true"
"19:46:44 - 338ms"="El id: 673703445 se unio a la partida."
"19:46:44 - 356ms"="El id: 226851012 se unio a la partida."
"19:46:47 - 191ms"="El id: 673703445 intento conectarse a la cuenta: test7. Resultado: true"
"19:47:40 - 699ms"="El id: 408646846 se unio a la partida."
"19:47:40 - 768ms"="El id: 1173122764 se unio a la partida."
"19:47:43 - 254ms"="El id: 408646846 intento conectarse a la cuenta: test7. Resultado: true"
"19:52:00 - 273ms"="El id: 483938549 se unio a la partida."
"19:52:00 - 792ms"="El id: 76982574 se unio a la partida."
"19:52:02 - 937ms"="El id: 76982574 intento conectarse a la cuenta: test7. Resultado: true"
"19:52:20 - 204ms"="El id: 1779771228 se unio a la partida."
"19:52:20 - 255ms"="El id: 1960614921 se unio a la partida."
"19:52:23 - 601ms"="El id: 1779771228 intento conectarse a la cuenta: test7. Resultado: true"
"19:52:29 - 481ms"="El id: 1960614921 intento conectarse a la cuenta: test7. Resultado: true"
"19:54:02 - 193ms"="El id: 1218276255 se unio a la partida."
"19:54:02 - 656ms"="El id: 880177974 se unio a la partida."
"20:01:37 - 210ms"="El id: 80005529 se unio a la partida."
"20:01:37 - 222ms"="El id: 1073699786 se unio a la partida."
"20:01:41 - 310ms"="El id: 1073699786 intento conectarse a la cuenta: test7. Resultado: true"
"20:01:47 - 322ms"="El id: 80005529 intento conectarse a la cuenta: test7. Resultado: true"
"20:01:58 - 287ms"="El id: 883013373 se unio a la partida."
"20:01:58 - 300ms"="El id: 2041799744 se unio a la partida."
"20:02:04 - 507ms"="El id: 2041799744 intento conectarse a la cuenta: test7. Resultado: true"
"20:35:20 - 177ms"="El id: 722407426 se unio a la partida."
"20:35:20 - 191ms"="El id: 1683621476 se unio a la partida."
"20:35:25 - 863ms"="El id: 1683621476 intento conectarse a la cuenta: test7. Resultado: true"
"20:35:31 - 687ms"="El id: 722407426 intento conectarse a la cuenta: test7. Resultado: true"
"20:40:27 - 169ms"="El id: 2045471901 se unio a la partida."
"20:40:27 - 579ms"="El id: 150133641 se unio a la partida."
"20:40:29 - 655ms"="El id: 2045471901 intento conectarse a la cuenta: test7. Resultado: true"
"20:40:37 - 535ms"="El id: 150133641 intento conectarse a la cuenta: test7. Resultado: true"
"20:45:43 - 124ms"="El id: 533243081 se unio a la partida."
"20:45:43 - 539ms"="El id: 1252573261 se unio a la partida."
"20:45:45 - 353ms"="El id: 533243081 intento conectarse a la cuenta: test7. Resultado: true"
"20:45:52 - 142ms"="El id: 1252573261 intento conectarse a la cuenta: test7. Resultado: true"
"20:51:44 - 178ms"="El id: 1432649848 se unio a la partida."
"20:51:44 - 614ms"="El id: 1915303108 se unio a la partida."
"20:51:48 - 732ms"="El id: 1432649848 intento conectarse a la cuenta: test7. Resultado: true"
"20:51:56 - 863ms"="El id: 1915303108 intento conectarse a la cuenta: test7. Resultado: true"
"20:52:26 - 096ms"="El id: 921777843 se unio a la partida."
"20:52:26 - 543ms"="El id: 654634806 se unio a la partida."
"20:52:29 - 362ms"="El id: 921777843 intento conectarse a la cuenta: test7. Resultado: false"
"20:52:31 - 936ms"="El id: 921777843 intento conectarse a la cuenta: test7. Resultado: true"
"20:52:37 - 345ms"="El id: 654634806 intento conectarse a la cuenta: test7. Resultado: true"
"20:59:11 - 310ms"="El id: 180840147 se unio a la partida."
"20:59:11 - 710ms"="El id: 434214539 se unio a la partida."
"20:59:16 - 659ms"="El id: 434214539 intento conectarse a la cuenta: test7. Resultado: true"
"20:59:23 - 597ms"="El id: 434214539 se desconecto de la partida."
"21:01:18 - 197ms"="El id: 2104867468 se unio a la partida."
"21:01:18 - 208ms"="El id: 1010071557 se unio a la partida."
"21:01:21 - 580ms"="El id: 1010071557 intento conectarse a la cuenta: test7. Resultado: true"
"21:01:26 - 038ms"="El id: 2104867468 intento conectarse a la cuenta: test7. Resultado: true"
